[0.009s] Invoking command in '/home/pushpanjali/ros2/build/my_cpp_pkg': CMAKE_PREFIX_PATH=${CMAKE_PREFIX_PATH}:/home/pushpanjali/ros2/install/my_py_pkg:/opt/ros/humble /usr/bin/cmake --build /home/pushpanjali/ros2/build/my_cpp_pkg -- -j8 -l8
[0.047s] [ 66%] [32mBuilding CXX object CMakeFiles/subscriber_node.dir/src/subscriber_node.cpp.o[0m
[0.047s] [ 83%] Built target my_oops_node
[0.047s] [ 83%] Built target my_first_node
[1.643s] [01m[K/home/pushpanjali/ros2/src/my_cpp_pkg/src/subscriber_node.cpp:[m[K In constructor â€˜[01m[KMyNode::MyNode()[m[Kâ€™:
[1.643s] [01m[K/home/pushpanjali/ros2/src/my_cpp_pkg/src/subscriber_node.cpp:13:57:[m[K [01;31m[Kerror: [m[Kâ€˜[01m[KtimerCallback[m[Kâ€™ is not a member of â€˜[01m[KMyNode[m[Kâ€™
[1.643s]    13 |             std::chrono::seconds(1), std::bind(&MyNode::[01;31m[KtimerCallback[m[K, this));
[1.643s]       |                                                         [01;31m[K^~~~~~~~~~~~~[m[K
[3.276s] gmake[2]: *** [CMakeFiles/subscriber_node.dir/build.make:76: CMakeFiles/subscriber_node.dir/src/subscriber_node.cpp.o] Error 1
[3.276s] gmake[1]: *** [CMakeFiles/Makefile2:193: CMakeFiles/subscriber_node.dir/all] Error 2
[3.276s] gmake: *** [Makefile:146: all] Error 2
[3.278s] Invoked command in '/home/pushpanjali/ros2/build/my_cpp_pkg' returned '2': CMAKE_PREFIX_PATH=${CMAKE_PREFIX_PATH}:/home/pushpanjali/ros2/install/my_py_pkg:/opt/ros/humble /usr/bin/cmake --build /home/pushpanjali/ros2/build/my_cpp_pkg -- -j8 -l8
